<?xml version="1.0" encoding="UTF-8"?>
<!-- Generated by org.testng.reporters.JUnitReportReporter -->
<testsuite skipped="0" hostname="LAPTOP-Q8UQAUDS" name="utility.utility_class" tests="1" failures="0" timestamp="2023-05-28T10:24:20 IST" time="0.023" errors="0">
  <testcase name="propertyfile" time="0.023" classname="utility.utility_class"/>
  <system-out/>
</testsuite> <!-- utility.utility_class -->
